-------------------------------------------------------------------------------
Test set: TestSuite
-------------------------------------------------------------------------------
Tests run: 7, Failures: 1, Errors: 0, Skipped: 0, Time elapsed: 20.7 s <<< FAILURE! - in TestSuite
runScenario(TestRunner.TestRunner)  Time elapsed: 5.993 s  <<< FAILURE!
java.lang.AssertionError: expected [true] but found [false]

