<?xml version="1.0" encoding="UTF-8"?>
<testsuite xmlns:xsi="http://www.w3.org/2001/XMLSchema-instance" xsi:noNamespaceSchemaLocation="https://maven.apache.org/surefire/maven-surefire-plugin/xsd/surefire-test-report.xsd" name="TestSuite" time="20.7" tests="7" errors="0" skipped="0" failures="1">
  <properties>
[...]
</properties>
  <testcase name="runScenario" classname="TestRunner.TestRunner" time="5.993">
    <failure message="expected [true] but found [false]" type="java.lang.AssertionError">java.lang.AssertionError: expected [true] but found [false]
</failure>
    <system-out><![CDATA[...
... TestNG 7.8.0 by Cédric Beust (cedric@beust.com)
...

[TestNG] INVOKING CONFIGURATION: "UNKNOWN" - @BeforeSuite TestRunner.TestRunner.beforeAll()
BeforeSuite
[TestNG] PASSED CONFIGURATION: "UNKNOWN" - @BeforeSuite TestRunner.TestRunner.beforeAll() finished in 18 ms
[TestNG] RUNNING: Suite: "Test" containing "1" Tests (config: C:\Users\HIMARAJ\eclipse-workspace\SeleniumCucumberAutomation\testng.xml)
[TestNG] INVOKING CONFIGURATION: "Test" - @BeforeClass io.cucumber.testng.AbstractTestNGCucumberTests.setUpClass(org.testng.ITestContext)(value(s): org.testng.TestRunner@61e462a3)
19/01/2024 15:39:42
BeforeAll
[TestNG] PASSED CONFIGURATION: "Test" - @BeforeClass io.cucumber.testng.AbstractTestNGCucumberTests.setUpClass(org.testng.ITestContext)(value(s): org.testng.TestRunner@61e462a3) finished in 311 ms
[TestNG] INVOKING: "Test" - io.cucumber.testng.AbstractTestNGCucumberTests.runScenario(io.cucumber.testng.PickleWrapper,io.cucumber.testng.FeatureWrapper)(value(s): "Login Application by Reading Excel Data", "Title of your feature")
[TestNG] INVOKING: "Test" - io.cucumber.testng.AbstractTestNGCucumberTests.runScenario(io.cucumber.testng.PickleWrapper,io.cucumber.testng.FeatureWrapper)(value(s): "Login Application by Reading Excel Data after writting data", "Title of your feature")
Login Application by Reading Excel Data - FAILED
{Excel_FailedTC=1, Excel_TotalTC=1}
[TestNG] FAILED: "Test" - io.cucumber.testng.AbstractTestNGCucumberTests.runScenario(io.cucumber.testng.PickleWrapper,io.cucumber.testng.FeatureWrapper)(value(s): "Login Application by Reading Excel Data", "Title of your feature") finished in 5977 ms
[TestNG]         Runs Cucumber Scenarios
[TestNG] java.lang.AssertionError: expected [true] but found [false]
[TestNG] 	at org.testng.Assert.fail(Assert.java:111)
[TestNG] 	at org.testng.Assert.failNotEquals(Assert.java:1578)
[TestNG] 	at org.testng.Assert.assertEqualsImpl(Assert.java:150)
[TestNG] 	at org.testng.Assert.assertEquals(Assert.java:132)
[TestNG] 	at org.testng.Assert.assertEquals(Assert.java:1067)
[TestNG] 	at org.testng.Assert.assertEquals(Assert.java:1031)
[TestNG] 	at org.testng.Assert.assertEquals(Assert.java:1077)
[TestNG] 	at Utils.Basepage.ReadDataFromExcel(Basepage.java:91)
[TestNG] 	at Pages.ExcelPage.ReadExcel(ExcelPage.java:42)
[TestNG] 	at Tests.ExcelStepDefinition.read_data_from_excel_to_get_password(ExcelStepDefinition.java:37)
[TestNG] 	at ?.Read Data From Excel To get Password(file:///C:/Users/HIMARAJ/eclipse-workspace/SeleniumCucumberAutomation/src/test/java/Features/Excel.feature:30)
]]></system-out>
    <system-err><![CDATA[SLF4J: Failed to load class "org.slf4j.impl.StaticLoggerBinder".
SLF4J: Defaulting to no-operation (NOP) logger implementation
SLF4J: See http://www.slf4j.org/codes.html#StaticLoggerBinder for further details.
Jan 19, 2024 3:39:44 PM org.openqa.selenium.devtools.CdpVersionFinder findNearestMatch
WARNING: Unable to find an exact match for CDP version 120, returning the closest version; found: 119; Please update to a Selenium version that supports CDP version 120
Jan 19, 2024 3:39:44 PM org.openqa.selenium.devtools.CdpVersionFinder findNearestMatch
WARNING: Unable to find an exact match for CDP version 120, returning the closest version; found: 119; Please update to a Selenium version that supports CDP version 120
]]></system-err>
  </testcase>
  <testcase name="runScenario" classname="TestRunner.TestRunner" time="2.398"/>
  <testcase name="runScenario" classname="TestRunner.TestRunner" time="1.063"/>
  <testcase name="runScenario" classname="TestRunner.TestRunner" time="3.62"/>
  <testcase name="runScenario" classname="TestRunner.TestRunner" time="1.411"/>
  <testcase name="runScenario" classname="TestRunner.TestRunner" time="3.519"/>
  <testcase name="runScenario" classname="TestRunner.TestRunner" time="4.95"/>
</testsuite>