<?xml version="1.0" encoding="UTF-8"?>
<testng-results ignored="0" total="5" passed="5" failed="0" skipped="0">
  <reporter-output>
  </reporter-output>
  <suite started-at="2024-01-24T22:04:37 IST" name="Default suite" finished-at="2024-01-24T22:05:23 IST" duration-ms="45551">
    <groups>
      <group name="cucumber">
        <method signature="AbstractTestNGCucumberTests.runScenario(io.cucumber.testng.PickleWrapper,io.cucumber.testng.FeatureWrapper)[pri:0, instance:TestRunner.TestRunner@710f4dc7]" name="runScenario" class="io.cucumber.testng.AbstractTestNGCucumberTests"/>
      </group> <!-- cucumber -->
    </groups>
    <test started-at="2024-01-24T22:04:37 IST" name="Default test" finished-at="2024-01-24T22:05:23 IST" duration-ms="45551">
      <class name="TestRunner.TestRunner">
        <test-method is-config="true" signature="beforeAll()[pri:0, instance:TestRunner.TestRunner@710f4dc7]" started-at="2024-01-24T22:04:37 IST" name="beforeAll" finished-at="2024-01-24T22:04:37 IST" duration-ms="14" status="PASS">
          <reporter-output>
          </reporter-output>
        </test-method> <!-- beforeAll -->
        <test-method is-config="true" signature="setUpClass(org.testng.ITestContext)[pri:0, instance:TestRunner.TestRunner@710f4dc7]" started-at="2024-01-24T22:04:37 IST" name="setUpClass" finished-at="2024-01-24T22:04:37 IST" duration-ms="237" status="PASS">
          <params>
            <param index="0">
              <value>
                <![CDATA[org.testng.TestRunner@5b6ec132]]>
              </value>
            </param>
          </params>
          <reporter-output>
          </reporter-output>
        </test-method> <!-- setUpClass -->
        <test-method signature="runScenario(io.cucumber.testng.PickleWrapper,io.cucumber.testng.FeatureWrapper)[pri:0, instance:TestRunner.TestRunner@710f4dc7]" started-at="2024-01-24T22:04:37 IST" name="runScenario" description="Runs Cucumber Scenarios" data-provider="scenarios" finished-at="2024-01-24T22:04:48 IST" duration-ms="10611" status="PASS">
          <params>
            <param index="0">
              <value>
                <![CDATA["API Response using POJO"]]>
              </value>
            </param>
            <param index="1">
              <value>
                <![CDATA["HID Global Assesment"]]>
              </value>
            </param>
          </params>
          <reporter-output>
          </reporter-output>
        </test-method> <!-- runScenario -->
        <test-method signature="runScenario(io.cucumber.testng.PickleWrapper,io.cucumber.testng.FeatureWrapper)[pri:0, instance:TestRunner.TestRunner@710f4dc7]" started-at="2024-01-24T22:04:37 IST" name="runScenario" description="Runs Cucumber Scenarios" data-provider="scenarios" finished-at="2024-01-24T22:04:47 IST" duration-ms="9550" status="PASS">
          <params>
            <param index="0">
              <value>
                <![CDATA["Texts from Advanced Guides"]]>
              </value>
            </param>
            <param index="1">
              <value>
                <![CDATA["HID Global Assesment"]]>
              </value>
            </param>
          </params>
          <reporter-output>
          </reporter-output>
        </test-method> <!-- runScenario -->
        <test-method signature="runScenario(io.cucumber.testng.PickleWrapper,io.cucumber.testng.FeatureWrapper)[pri:0, instance:TestRunner.TestRunner@710f4dc7]" started-at="2024-01-24T22:04:37 IST" name="runScenario" description="Runs Cucumber Scenarios" data-provider="scenarios" finished-at="2024-01-24T22:04:53 IST" duration-ms="15400" status="PASS">
          <params>
            <param index="0">
              <value>
                <![CDATA["API Response using JsonPath"]]>
              </value>
            </param>
            <param index="1">
              <value>
                <![CDATA["HID Global Assesment"]]>
              </value>
            </param>
          </params>
          <reporter-output>
          </reporter-output>
        </test-method> <!-- runScenario -->
        <test-method signature="runScenario(io.cucumber.testng.PickleWrapper,io.cucumber.testng.FeatureWrapper)[pri:0, instance:TestRunner.TestRunner@710f4dc7]" started-at="2024-01-24T22:04:37 IST" name="runScenario" description="Runs Cucumber Scenarios" data-provider="scenarios" finished-at="2024-01-24T22:05:23 IST" duration-ms="45258" status="PASS">
          <params>
            <param index="0">
              <value>
                <![CDATA["Verify Scroll Functionality"]]>
              </value>
            </param>
            <param index="1">
              <value>
                <![CDATA["HID Global Assesment"]]>
              </value>
            </param>
          </params>
          <reporter-output>
          </reporter-output>
        </test-method> <!-- runScenario -->
        <test-method signature="runScenario(io.cucumber.testng.PickleWrapper,io.cucumber.testng.FeatureWrapper)[pri:0, instance:TestRunner.TestRunner@710f4dc7]" started-at="2024-01-24T22:04:37 IST" name="runScenario" description="Runs Cucumber Scenarios" data-provider="scenarios" finished-at="2024-01-24T22:04:47 IST" duration-ms="9359" status="PASS">
          <params>
            <param index="0">
              <value>
                <![CDATA["Texts from Main Concept"]]>
              </value>
            </param>
            <param index="1">
              <value>
                <![CDATA["HID Global Assesment"]]>
              </value>
            </param>
          </params>
          <reporter-output>
          </reporter-output>
        </test-method> <!-- runScenario -->
        <test-method is-config="true" signature="tearDownClass()[pri:0, instance:TestRunner.TestRunner@710f4dc7]" started-at="2024-01-24T22:05:23 IST" name="tearDownClass" finished-at="2024-01-24T22:05:23 IST" duration-ms="6" status="PASS">
          <reporter-output>
          </reporter-output>
        </test-method> <!-- tearDownClass -->
        <test-method is-config="true" signature="afterAll()[pri:0, instance:TestRunner.TestRunner@710f4dc7]" started-at="2024-01-24T22:05:23 IST" name="afterAll" finished-at="2024-01-24T22:05:23 IST" duration-ms="0" status="PASS">
          <reporter-output>
          </reporter-output>
        </test-method> <!-- afterAll -->
      </class> <!-- TestRunner.TestRunner -->
    </test> <!-- Default test -->
  </suite> <!-- Default suite -->
</testng-results>
