<?xml version="1.0" encoding="UTF-8"?>
<!-- Generated by org.testng.reporters.JUnitReportReporter -->
<testsuite hostname="LAPTOP-KD2D5JN7" failures="1" tests="7" name="TestRunner.TestRunner" time="55.662" errors="0" timestamp="2024-01-19T13:59:48 IST" skipped="0">
  <testcase classname="TestRunner.TestRunner" name="runScenario" time="8.006">
    <failure message="expected [true] but found [false]" type="java.lang.AssertionError">
      <![CDATA[java.lang.AssertionError: expected [true] but found [false]
at org.testng.Assert.fail(Assert.java:111)
at org.testng.Assert.failNotEquals(Assert.java:1578)
at org.testng.Assert.assertEqualsImpl(Assert.java:150)
at org.testng.Assert.assertEquals(Assert.java:132)
at org.testng.Assert.assertEquals(Assert.java:1067)
at org.testng.Assert.assertEquals(Assert.java:1031)
at org.testng.Assert.assertEquals(Assert.java:1077)
at Utils.Basepage.ReadDataFromExcel(Basepage.java:91)
at Pages.ExcelPage.ReadExcel(ExcelPage.java:42)
at Tests.ExcelStepDefinition.read_data_from_excel_to_get_password(ExcelStepDefinition.java:37)
at âœ½.Read Data From Excel To get Password(file:///C:/Users/HIMARAJ/eclipse-workspace/SeleniumCucumberAutomation/src/test/java/Features/Excel.feature:30)
]]>
    </failure>
  </testcase> <!-- runScenario -->
  <testcase classname="TestRunner.TestRunner" name="runScenario" time="6.333"/>
  <testcase classname="TestRunner.TestRunner" name="runScenario" time="7.925"/>
  <testcase classname="TestRunner.TestRunner" name="runScenario" time="10.242"/>
  <testcase classname="TestRunner.TestRunner" name="runScenario" time="11.308"/>
  <testcase classname="TestRunner.TestRunner" name="runScenario" time="6.562"/>
  <testcase classname="TestRunner.TestRunner" name="runScenario" time="5.286"/>
</testsuite> <!-- TestRunner.TestRunner -->
